[04/Sep/2021:14:51:49] (I): WordPress Instance Info:
[04/Sep/2021:14:51:49] (I): Home URL : http://localhost/wordpress
[04/Sep/2021:14:51:49] (I): Site URL : http://localhost/wordpress
[04/Sep/2021:14:51:49] (I): WordPress Version : 5.8
[04/Sep/2021:14:51:49] (I): Onboarding Version : 1.1.17
[04/Sep/2021:14:51:49] (I): Multisite : No
[04/Sep/2021:14:51:49] (I): Server Info : Apache/2.4.46 (Win64) PHP/7.3.21
[04/Sep/2021:14:51:49] (I): PHP Version : 7.3.21
[04/Sep/2021:14:51:49] (I): HTTPS : No
[04/Sep/2021:14:51:49] (I): PHP Max Execution Time : 120
[04/Sep/2021:14:51:49] (I): PHP Max Input Vars : 2500
[04/Sep/2021:14:51:49] (I): Max Upload Size : 2097152
[04/Sep/2021:14:51:49] (I): Plugins:
[04/Sep/2021:14:51:49] (I): [PLUGIN] Neve Pro Addon : v2.0.2 (ThemeIsle)
[04/Sep/2021:14:51:49] (I): [PLUGIN] Gutenberg Blocks and Template Library by Otter : v1.6.9 (ThemeIsle)
[04/Sep/2021:14:51:49] (I): [PLUGIN] Templates Patterns Collection : v1.1.17 (ThemeIsle)
[04/Sep/2021:14:51:49] (I): [PLUGIN] WPForms Lite : v1.6.9 (WPForms)
[04/Sep/2021:14:51:49] (P): Saving remote XML
[04/Sep/2021:14:51:49] (S): Saved remote XML at path C:\wamp64\www\wordpress/wp-content/uploads/themeisle-demo-import.xml.
[04/Sep/2021:14:51:49] (P): Starting content import...
[04/Sep/2021:14:51:49] (S): Import started.
[04/Sep/2021:14:51:49] (S): Parsing XML file.
[04/Sep/2021:14:51:49] (P): Starting parsing file:C:\wamp64\www\wordpress/wp-content/uploads/themeisle-demo-import.xml
[04/Sep/2021:14:51:49] (P): Using WXR_Parser_SimpleXML...
[04/Sep/2021:14:51:49] (S): Parsed XML
[04/Sep/2021:14:51:49] (P): Processing categories...
[04/Sep/2021:14:51:49] (S): Processed categories.
[04/Sep/2021:14:51:49] (P): Processing tags...
[04/Sep/2021:14:51:49] (S): No tags to process.
[04/Sep/2021:14:51:49] (P): Processing terms...
[04/Sep/2021:14:51:49] (S): Processed terms.
[04/Sep/2021:14:51:49] (P): Processing posts...
[04/Sep/2021:14:51:49] (P): Processing attachment: https://s33834.pcdn.co/digital-product-funnel-gb/wp-content/uploads/sites/570/2019/11/neve-digital-product-funnel-5.jpg...
[04/Sep/2021:14:51:49] (P): Fetching attachment from url: https://s33834.pcdn.co/digital-product-funnel-gb/wp-content/uploads/sites/570/2019/11/neve-digital-product-funnel-5.jpg...
[04/Sep/2021:14:51:50] (S): Fetched remote attachment.
[04/Sep/2021:14:51:50] (P): Inserting attachment...
[04/Sep/2021:14:51:50] (S): Attachment inserted
[04/Sep/2021:14:51:50] (S): Processed attachment.
[04/Sep/2021:14:51:50] (P): Processing attachment: https://s33834.pcdn.co/digital-product-funnel-gb/wp-content/uploads/sites/570/2019/11/neve-digital-product-funnel-2.jpg...
[04/Sep/2021:14:51:50] (P): Fetching attachment from url: https://s33834.pcdn.co/digital-product-funnel-gb/wp-content/uploads/sites/570/2019/11/neve-digital-product-funnel-2.jpg...
[04/Sep/2021:14:51:50] (S): Fetched remote attachment.
[04/Sep/2021:14:51:50] (P): Inserting attachment...
[04/Sep/2021:14:51:50] (S): Attachment inserted
[04/Sep/2021:14:51:50] (S): Processed attachment.
[04/Sep/2021:14:51:50] (P): Processing attachment: https://s33834.pcdn.co/digital-product-funnel-gb/wp-content/uploads/sites/570/2019/11/neve-digital-product-funnel-3.jpg...
[04/Sep/2021:14:51:50] (P): Fetching attachment from url: https://s33834.pcdn.co/digital-product-funnel-gb/wp-content/uploads/sites/570/2019/11/neve-digital-product-funnel-3.jpg...
[04/Sep/2021:14:51:50] (S): Fetched remote attachment.
[04/Sep/2021:14:51:50] (P): Inserting attachment...
[04/Sep/2021:14:51:50] (S): Attachment inserted
[04/Sep/2021:14:51:50] (S): Processed attachment.
[04/Sep/2021:14:51:50] (P): Processing attachment: https://s33834.pcdn.co/digital-product-funnel-gb/wp-content/uploads/sites/570/2019/11/neve-digital-product-funnel-4.jpg...
[04/Sep/2021:14:51:50] (P): Fetching attachment from url: https://s33834.pcdn.co/digital-product-funnel-gb/wp-content/uploads/sites/570/2019/11/neve-digital-product-funnel-4.jpg...
[04/Sep/2021:14:51:51] (S): Fetched remote attachment.
[04/Sep/2021:14:51:51] (P): Inserting attachment...
[04/Sep/2021:14:51:51] (S): Attachment inserted
[04/Sep/2021:14:51:51] (S): Processed attachment.
[04/Sep/2021:14:51:51] (P): Processing attachment: https://s33834.pcdn.co/digital-product-funnel-gb/wp-content/uploads/sites/570/2019/11/neve-digital-product-funnel-7.jpg...
[04/Sep/2021:14:51:51] (P): Fetching attachment from url: https://s33834.pcdn.co/digital-product-funnel-gb/wp-content/uploads/sites/570/2019/11/neve-digital-product-funnel-7.jpg...
[04/Sep/2021:14:51:51] (S): Fetched remote attachment.
[04/Sep/2021:14:51:51] (P): Inserting attachment...
[04/Sep/2021:14:51:51] (S): Attachment inserted
[04/Sep/2021:14:51:51] (S): Processed attachment.
[04/Sep/2021:14:51:51] (P): Processing attachment: https://s33834.pcdn.co/digital-product-funnel-gb/wp-content/uploads/sites/570/2019/11/neve-digital-product-funnel-8.jpg...
[04/Sep/2021:14:51:51] (P): Fetching attachment from url: https://s33834.pcdn.co/digital-product-funnel-gb/wp-content/uploads/sites/570/2019/11/neve-digital-product-funnel-8.jpg...
[04/Sep/2021:14:51:51] (S): Fetched remote attachment.
[04/Sep/2021:14:51:51] (P): Inserting attachment...
[04/Sep/2021:14:51:51] (S): Attachment inserted
[04/Sep/2021:14:51:51] (S): Processed attachment.
[04/Sep/2021:14:51:51] (P): Processing attachment: https://s33834.pcdn.co/digital-product-funnel-gb/wp-content/uploads/sites/570/2019/11/neve-digital-product-funnel-6.jpg...
[04/Sep/2021:14:51:51] (P): Fetching attachment from url: https://s33834.pcdn.co/digital-product-funnel-gb/wp-content/uploads/sites/570/2019/11/neve-digital-product-funnel-6.jpg...
[04/Sep/2021:14:51:52] (S): Fetched remote attachment.
[04/Sep/2021:14:51:52] (P): Inserting attachment...
[04/Sep/2021:14:51:52] (S): Attachment inserted
[04/Sep/2021:14:51:52] (S): Processed attachment.
[04/Sep/2021:14:51:52] (P): Processing attachment: https://s33834.pcdn.co/digital-product-funnel-gb/wp-content/uploads/sites/570/2019/11/neve-digital-product-funnel-21.jpg...
[04/Sep/2021:14:51:52] (P): Fetching attachment from url: https://s33834.pcdn.co/digital-product-funnel-gb/wp-content/uploads/sites/570/2019/11/neve-digital-product-funnel-21.jpg...
[04/Sep/2021:14:51:52] (S): Fetched remote attachment.
[04/Sep/2021:14:51:52] (P): Inserting attachment...
[04/Sep/2021:14:51:52] (S): Attachment inserted
[04/Sep/2021:14:51:52] (S): Processed attachment.
[04/Sep/2021:14:51:52] (P): Processing attachment: https://s33834.pcdn.co/digital-product-funnel-gb/wp-content/uploads/sites/570/2019/11/neve-digital-product-funnel-22.jpg...
[04/Sep/2021:14:51:52] (P): Fetching attachment from url: https://s33834.pcdn.co/digital-product-funnel-gb/wp-content/uploads/sites/570/2019/11/neve-digital-product-funnel-22.jpg...
[04/Sep/2021:14:51:52] (S): Fetched remote attachment.
[04/Sep/2021:14:51:52] (P): Inserting attachment...
[04/Sep/2021:14:51:52] (S): Attachment inserted
[04/Sep/2021:14:51:52] (S): Processed attachment.
[04/Sep/2021:14:51:52] (P): Processing attachment: https://s33834.pcdn.co/digital-product-funnel-gb/wp-content/uploads/sites/570/2019/11/neve-digital-product-funnel-23.jpg...
[04/Sep/2021:14:51:52] (P): Fetching attachment from url: https://s33834.pcdn.co/digital-product-funnel-gb/wp-content/uploads/sites/570/2019/11/neve-digital-product-funnel-23.jpg...
[04/Sep/2021:14:51:52] (S): Fetched remote attachment.
[04/Sep/2021:14:51:52] (P): Inserting attachment...
[04/Sep/2021:14:51:52] (S): Attachment inserted
[04/Sep/2021:14:51:52] (S): Processed attachment.
[04/Sep/2021:14:51:52] (P): Processing attachment: https://s33834.pcdn.co/digital-product-funnel-gb/wp-content/uploads/sites/570/2019/11/neve-digital-product-funnel-25.jpg...
[04/Sep/2021:14:51:52] (P): Fetching attachment from url: https://s33834.pcdn.co/digital-product-funnel-gb/wp-content/uploads/sites/570/2019/11/neve-digital-product-funnel-25.jpg...
[04/Sep/2021:14:51:53] (S): Fetched remote attachment.
[04/Sep/2021:14:51:53] (P): Inserting attachment...
[04/Sep/2021:14:51:53] (S): Attachment inserted
[04/Sep/2021:14:51:53] (S): Processed attachment.
[04/Sep/2021:14:51:53] (P): Processing attachment: https://s33834.pcdn.co/digital-product-funnel-gb/wp-content/uploads/sites/570/2019/11/neve-digital-product-funnel-icon.png...
[04/Sep/2021:14:51:53] (P): Fetching attachment from url: https://s33834.pcdn.co/digital-product-funnel-gb/wp-content/uploads/sites/570/2019/11/neve-digital-product-funnel-icon.png...
[04/Sep/2021:14:51:53] (S): Fetched remote attachment.
[04/Sep/2021:14:51:53] (P): Inserting attachment...
[04/Sep/2021:14:51:53] (S): Attachment inserted
[04/Sep/2021:14:51:53] (S): Processed attachment.
[04/Sep/2021:14:51:53] (P): Processing attachment: https://s33834.pcdn.co/digital-product-funnel-gb/wp-content/uploads/sites/570/2019/11/neve-digital-product-funnel-logo.png...
[04/Sep/2021:14:51:53] (P): Fetching attachment from url: https://s33834.pcdn.co/digital-product-funnel-gb/wp-content/uploads/sites/570/2019/11/neve-digital-product-funnel-logo.png...
[04/Sep/2021:14:51:53] (S): Fetched remote attachment.
[04/Sep/2021:14:51:53] (P): Inserting attachment...
[04/Sep/2021:14:51:53] (S): Attachment inserted
[04/Sep/2021:14:51:53] (S): Processed attachment.
[04/Sep/2021:14:51:53] (P): Processing attachment: https://s33834.pcdn.co/digital-product-funnel-gb/wp-content/uploads/sites/570/2019/11/cropped-neve-digital-product-funnel-logo.png...
[04/Sep/2021:14:51:53] (P): Fetching attachment from url: https://s33834.pcdn.co/digital-product-funnel-gb/wp-content/uploads/sites/570/2019/11/cropped-neve-digital-product-funnel-logo.png...
[04/Sep/2021:14:51:54] (S): Fetched remote attachment.
[04/Sep/2021:14:51:54] (P): Inserting attachment...
[04/Sep/2021:14:51:54] (S): Attachment inserted
[04/Sep/2021:14:51:54] (S): Processed attachment.
[04/Sep/2021:14:51:54] (P): Processing attachment: https://s33834.pcdn.co/digital-product-funnel-gb/wp-content/uploads/sites/570/2019/11/cropped-neve-digital-product-funnel-icon.png...
[04/Sep/2021:14:51:54] (P): Fetching attachment from url: https://s33834.pcdn.co/digital-product-funnel-gb/wp-content/uploads/sites/570/2019/11/cropped-neve-digital-product-funnel-icon.png...
[04/Sep/2021:14:51:54] (S): Fetched remote attachment.
[04/Sep/2021:14:51:54] (P): Inserting attachment...
[04/Sep/2021:14:51:54] (S): Attachment inserted
[04/Sep/2021:14:51:54] (S): Processed attachment.
[04/Sep/2021:14:51:54] (P): Processing attachment: https://s33834.pcdn.co/digital-product-funnel-gb/wp-content/uploads/sites/570/2020/07/Screenshot-2020-07-24-at-18.05.52.png...
[04/Sep/2021:14:51:54] (P): Fetching attachment from url: https://s33834.pcdn.co/digital-product-funnel-gb/wp-content/uploads/sites/570/2020/07/Screenshot-2020-07-24-at-18.05.52.png...
[04/Sep/2021:14:51:54] (S): Fetched remote attachment.
[04/Sep/2021:14:51:54] (P): Inserting attachment...
[04/Sep/2021:14:51:54] (S): Attachment inserted
[04/Sep/2021:14:51:54] (S): Processed attachment.
[04/Sep/2021:14:51:54] (P): Processing attachment: https://s33834.pcdn.co/digital-product-funnel-gb/wp-content/uploads/sites/570/2021/01/neve-digital-product-funnel-37.png...
[04/Sep/2021:14:51:54] (P): Fetching attachment from url: https://s33834.pcdn.co/digital-product-funnel-gb/wp-content/uploads/sites/570/2021/01/neve-digital-product-funnel-37.png...
[04/Sep/2021:14:51:54] (S): Fetched remote attachment.
[04/Sep/2021:14:51:54] (P): Inserting attachment...
[04/Sep/2021:14:51:54] (S): Attachment inserted
[04/Sep/2021:14:51:54] (S): Processed attachment.
[04/Sep/2021:14:51:54] (P): Processing attachment: https://s33834.pcdn.co/digital-product-funnel-gb/wp-content/uploads/sites/570/2019/11/cropped-neve-digital-product-funnel-logo-1.png...
[04/Sep/2021:14:51:54] (P): Fetching attachment from url: https://s33834.pcdn.co/digital-product-funnel-gb/wp-content/uploads/sites/570/2019/11/cropped-neve-digital-product-funnel-logo-1.png...
[04/Sep/2021:14:51:55] (S): Fetched remote attachment.
[04/Sep/2021:14:51:55] (P): Inserting attachment...
[04/Sep/2021:14:51:55] (S): Attachment inserted
[04/Sep/2021:14:51:55] (S): Processed attachment.
[04/Sep/2021:14:51:55] (P): Processing attachment: https://s33834.pcdn.co/digital-product-funnel-gb/wp-content/uploads/sites/570/2021/01/payment-logos-4.png...
[04/Sep/2021:14:51:55] (P): Fetching attachment from url: https://s33834.pcdn.co/digital-product-funnel-gb/wp-content/uploads/sites/570/2021/01/payment-logos-4.png...
[04/Sep/2021:14:51:55] (S): Fetched remote attachment.
[04/Sep/2021:14:51:55] (P): Inserting attachment...
[04/Sep/2021:14:51:55] (S): Attachment inserted
[04/Sep/2021:14:51:55] (S): Processed attachment.
[04/Sep/2021:14:51:55] (P): Processing attachment: https://s33834.pcdn.co/digital-product-funnel-gb/wp-content/uploads/sites/570/2021/01/neve-digital-product-funnel-24-1.png...
[04/Sep/2021:14:51:55] (P): Fetching attachment from url: https://s33834.pcdn.co/digital-product-funnel-gb/wp-content/uploads/sites/570/2021/01/neve-digital-product-funnel-24-1.png...
[04/Sep/2021:14:51:55] (S): Fetched remote attachment.
[04/Sep/2021:14:51:55] (P): Inserting attachment...
[04/Sep/2021:14:51:55] (S): Attachment inserted
[04/Sep/2021:14:51:55] (S): Processed attachment.
[04/Sep/2021:14:51:55] (P): Inserting post: Getting started .
[04/Sep/2021:14:51:55] (S): Done inserting post: Getting started .
[04/Sep/2021:14:51:55] (P): Inserting post: New Premium Plan .
[04/Sep/2021:14:51:55] (S): Done inserting post: New Premium Plan .
[04/Sep/2021:14:51:55] (P): Inserting post: Features overview .
[04/Sep/2021:14:51:55] (S): Done inserting post: Features overview .
[04/Sep/2021:14:51:55] (P): Processing single menu item ' Home '...
[04/Sep/2021:14:51:55] (S): Processed single menu item.
[04/Sep/2021:14:51:55] (P): Inserting page: Home .
[04/Sep/2021:14:51:55] (S): Done inserting page: Home .
[04/Sep/2021:14:51:56] (P): Inserting page: Zuno Beta .
[04/Sep/2021:14:51:56] (S): Done inserting page: Zuno Beta .
[04/Sep/2021:14:51:56] (P): Inserting page: Zuno Pro .
[04/Sep/2021:14:51:56] (S): Done inserting page: Zuno Pro .
[04/Sep/2021:14:51:56] (P): Inserting custom_css: neve .
[04/Sep/2021:14:51:56] (S): Done inserting custom_css: neve .
[04/Sep/2021:14:51:56] (P): Processing single menu item ' '...
[04/Sep/2021:14:51:56] (S): Processed single menu item.
[04/Sep/2021:14:51:56] (P): Processing attachment: https://s33834.pcdn.co/digital-product-funnel-gb/wp-content/uploads/sites/570/2021/01/neve-digital-product-funnel-25-1.jpg...
[04/Sep/2021:14:51:56] (P): Fetching attachment from url: https://s33834.pcdn.co/digital-product-funnel-gb/wp-content/uploads/sites/570/2021/01/neve-digital-product-funnel-25-1.jpg...
[04/Sep/2021:14:51:56] (S): Fetched remote attachment.
[04/Sep/2021:14:51:56] (P): Inserting attachment...
[04/Sep/2021:14:51:56] (S): Attachment inserted
[04/Sep/2021:14:51:56] (S): Processed attachment.
[04/Sep/2021:14:51:56] (P): Processing attachment: https://s33834.pcdn.co/digital-product-funnel-gb/wp-content/uploads/sites/570/2021/01/neve-digital-product-funnel-1-1.png...
[04/Sep/2021:14:51:56] (P): Fetching attachment from url: https://s33834.pcdn.co/digital-product-funnel-gb/wp-content/uploads/sites/570/2021/01/neve-digital-product-funnel-1-1.png...
[04/Sep/2021:14:51:56] (S): Fetched remote attachment.
[04/Sep/2021:14:51:56] (P): Inserting attachment...
[04/Sep/2021:14:51:56] (S): Attachment inserted
[04/Sep/2021:14:51:56] (S): Processed attachment.
[04/Sep/2021:14:51:56] (S): Processed posts.
[04/Sep/2021:14:51:56] (P): Cleaning up import with id ...
[04/Sep/2021:14:51:56] (P): Done cleanup. Flushing cache...
[04/Sep/2021:14:51:56] (P): Flushed cache. Removing temporary data..
[04/Sep/2021:14:51:56] (S): Done importing
[04/Sep/2021:14:51:56] (P): Busting elementor cache
[04/Sep/2021:14:51:57] (S): Front page set up with id: 75.
